<<<<<<<< HEAD:eclipse/configuration/1706841186971.log
!SESSION 2024-02-02 11:33:06.838 -----------------------------------------------
========
!SESSION 2024-02-05 09:23:36.605 -----------------------------------------------
>>>>>>>> 98f2593dea68d89b0ce15f994d5e637db591dc12:eclipse/configuration/1707092616720.log
eclipse.buildId=4.30.0.20231201-1200
java.version=17.0.9
java.vendor=Oracle Corporation
BootLoader constants: OS=win32, ARCH=x86_64, WS=win32, NL=ko_KR
Framework arguments:  -product org.eclipse.epp.package.jee.product -product org.eclipse.epp.package.jee.product
Command-line arguments:  -os win32 -ws win32 -arch x86_64 -product org.eclipse.epp.package.jee.product -data file:/C:/Users/ghghg/Documents/GitHub/JavaLecture-2024.01/ -product org.eclipse.epp.package.jee.product

<<<<<<<< HEAD:eclipse/configuration/1706841186971.log
!ENTRY org.eclipse.emf.ecore 2 0 2024-02-02 11:33:09.075
!MESSAGE Both 'org.eclipse.jst.j2ee.core' and 'org.eclipse.jst.j2ee.core' register a package for 'application.xmi'

!ENTRY ch.qos.logback.classic 1 0 2024-02-02 11:33:09.421
========
!ENTRY org.eclipse.emf.ecore 2 0 2024-02-05 09:23:39.958
!MESSAGE Both 'org.eclipse.jst.j2ee.core' and 'org.eclipse.jst.j2ee.core' register a package for 'application.xmi'

!ENTRY ch.qos.logback.classic 1 0 2024-02-05 09:23:40.106
>>>>>>>> 98f2593dea68d89b0ce15f994d5e637db591dc12:eclipse/configuration/1707092616720.log
!MESSAGE Activated before the state location was initialized. Retry after the state location is initialized.
