<<<<<<<< HEAD:eclipse/configuration/1706843395032.log
!SESSION 2024-02-02 12:09:54.874 -----------------------------------------------
========
!SESSION 2024-02-05 09:20:23.177 -----------------------------------------------
>>>>>>>> 98f2593dea68d89b0ce15f994d5e637db591dc12:eclipse/configuration/1707092423273.log
eclipse.buildId=4.30.0.20231201-1200
java.version=17.0.9
java.vendor=Oracle Corporation
BootLoader constants: OS=win32, ARCH=x86_64, WS=win32, NL=ko_KR
Framework arguments:  -product org.eclipse.epp.package.jee.product
Command-line arguments:  -os win32 -ws win32 -arch x86_64 -product org.eclipse.epp.package.jee.product

<<<<<<<< HEAD:eclipse/configuration/1706843395032.log
!ENTRY org.eclipse.emf.ecore 2 0 2024-02-02 12:09:57.079
!MESSAGE Both 'org.eclipse.jst.j2ee.core' and 'org.eclipse.jst.j2ee.core' register a package for 'application.xmi'

!ENTRY ch.qos.logback.classic 1 0 2024-02-02 12:09:57.382
========
!ENTRY org.eclipse.emf.ecore 2 0 2024-02-05 09:20:27.051
!MESSAGE Both 'org.eclipse.jst.j2ee.core' and 'org.eclipse.jst.j2ee.core' register a package for 'application.xmi'

!ENTRY ch.qos.logback.classic 1 0 2024-02-05 09:20:27.215
>>>>>>>> 98f2593dea68d89b0ce15f994d5e637db591dc12:eclipse/configuration/1707092423273.log
!MESSAGE Activated before the state location was initialized. Retry after the state location is initialized.
