<<<<<<<< HEAD:eclipse/configuration/1706841106165.log
!SESSION 2024-02-02 11:31:46.016 -----------------------------------------------
========
!SESSION 2024-02-05 13:00:08.959 -----------------------------------------------
>>>>>>>> 98f2593dea68d89b0ce15f994d5e637db591dc12:eclipse/configuration/1707105609111.log
eclipse.buildId=4.30.0.20231201-1200
java.version=17.0.9
java.vendor=Oracle Corporation
BootLoader constants: OS=win32, ARCH=x86_64, WS=win32, NL=ko_KR
Framework arguments:  -product org.eclipse.epp.package.jee.product
Command-line arguments:  -os win32 -ws win32 -arch x86_64 -product org.eclipse.epp.package.jee.product

<<<<<<<< HEAD:eclipse/configuration/1706841106165.log
!ENTRY org.eclipse.emf.ecore 2 0 2024-02-02 11:31:51.089
!MESSAGE Both 'org.eclipse.jst.j2ee.core' and 'org.eclipse.jst.j2ee.core' register a package for 'application.xmi'

!ENTRY ch.qos.logback.classic 1 0 2024-02-02 11:31:51.352
========
!ENTRY org.eclipse.emf.ecore 2 0 2024-02-05 13:00:10.782
!MESSAGE Both 'org.eclipse.jst.j2ee.core' and 'org.eclipse.jst.j2ee.core' register a package for 'application.xmi'

!ENTRY ch.qos.logback.classic 1 0 2024-02-05 13:00:11.042
>>>>>>>> 98f2593dea68d89b0ce15f994d5e637db591dc12:eclipse/configuration/1707105609111.log
!MESSAGE Activated before the state location was initialized. Retry after the state location is initialized.
